<?xml version="1.0" encoding="UTF-8"?>
<testng-results skipped="1" failed="0" ignored="0" total="6" passed="5">
  <reporter-output>
    <line>
      <![CDATA[Login succesfully]]>
    </line>
    <line>
      <![CDATA[Customer added succesfully]]>
    </line>
    <line>
      <![CDATA[Customer added succesfully]]>
    </line>
    <line>
      <![CDATA[Customer added succesfully]]>
    </line>
    <line>
      <![CDATA[Customer added succesfully]]>
    </line>
  </reporter-output>
  <suite name="Data Driver Basics" duration-ms="66024" started-at="2020-09-16T13:10:45 CDT" finished-at="2020-09-16T13:11:51 CDT">
    <groups>
    </groups>
    <test name="Bank Manager Login Test" duration-ms="3116" started-at="2020-09-16T13:10:45 CDT" finished-at="2020-09-16T13:10:48 CDT">
      <class name="com.project.testcases.BankManagerLoginTest">
        <test-method status="PASS" signature="loginAsBankManager()[pri:0, instance:com.project.testcases.BankManagerLoginTest@d554c5f]" name="loginAsBankManager" duration-ms="3092" started-at="2020-09-16T13:10:45 CDT" finished-at="2020-09-16T13:10:48 CDT">
          <reporter-output>
            <line>
              <![CDATA[Login succesfully]]>
            </line>
          </reporter-output>
        </test-method> <!-- loginAsBankManager -->
      </class> <!-- com.project.testcases.BankManagerLoginTest -->
    </test> <!-- Bank Manager Login Test -->
    <test name="Add Customer Test" duration-ms="62197" started-at="2020-09-16T13:10:49 CDT" finished-at="2020-09-16T13:11:51 CDT">
      <class name="com.project.testcases.AddCustomerTest">
        <test-method status="PASS" signature="addCustomerTest(java.util.Hashtable)[pri:0, instance:com.project.testcases.AddCustomerTest@28cda624]" name="addCustomerTest" duration-ms="15861" started-at="2020-09-16T13:10:49 CDT" data-provider="dp" finished-at="2020-09-16T13:11:05 CDT">
          <params>
            <param index="0">
              <value>
                <![CDATA[{alerttext=Customer added successfully, postcode=A89833, lastname=Kaka, runmode=Y, firstname=Raghava}]]>
              </value>
            </param>
          </params>
          <reporter-output>
            <line>
              <![CDATA[Customer added succesfully]]>
            </line>
          </reporter-output>
        </test-method> <!-- addCustomerTest -->
        <test-method status="PASS" signature="addCustomerTest(java.util.Hashtable)[pri:0, instance:com.project.testcases.AddCustomerTest@28cda624]" name="addCustomerTest" duration-ms="15435" started-at="2020-09-16T13:11:05 CDT" data-provider="dp" finished-at="2020-09-16T13:11:20 CDT">
          <params>
            <param index="0">
              <value>
                <![CDATA[{alerttext=Customer added successfully, postcode=A89834, lastname=Kaka, runmode=Y, firstname=Ramu}]]>
              </value>
            </param>
          </params>
          <reporter-output>
            <line>
              <![CDATA[Customer added succesfully]]>
            </line>
          </reporter-output>
        </test-method> <!-- addCustomerTest -->
        <test-method status="PASS" signature="addCustomerTest(java.util.Hashtable)[pri:0, instance:com.project.testcases.AddCustomerTest@28cda624]" name="addCustomerTest" duration-ms="15427" started-at="2020-09-16T13:11:20 CDT" data-provider="dp" finished-at="2020-09-16T13:11:36 CDT">
          <params>
            <param index="0">
              <value>
                <![CDATA[{alerttext=Customer added successfully, postcode=A89835, lastname=Kaka, runmode=Y, firstname=Sri}]]>
              </value>
            </param>
          </params>
          <reporter-output>
            <line>
              <![CDATA[Customer added succesfully]]>
            </line>
          </reporter-output>
        </test-method> <!-- addCustomerTest -->
        <test-method status="PASS" signature="addCustomerTest(java.util.Hashtable)[pri:0, instance:com.project.testcases.AddCustomerTest@28cda624]" name="addCustomerTest" duration-ms="15436" started-at="2020-09-16T13:11:36 CDT" data-provider="dp" finished-at="2020-09-16T13:11:51 CDT">
          <params>
            <param index="0">
              <value>
                <![CDATA[{alerttext=Customer added successfully, postcode=A89836, lastname=Kaka, runmode=Y, firstname=Mukh}]]>
              </value>
            </param>
          </params>
          <reporter-output>
            <line>
              <![CDATA[Customer added succesfully]]>
            </line>
          </reporter-output>
        </test-method> <!-- addCustomerTest -->
      </class> <!-- com.project.testcases.AddCustomerTest -->
    </test> <!-- Add Customer Test -->
    <test name="Open Account Test" duration-ms="2" started-at="2020-09-16T13:11:51 CDT" finished-at="2020-09-16T13:11:51 CDT">
      <class name="com.project.testcases.OpenAccountTest">
        <test-method status="PASS" signature="setUp()[pri:0, instance:com.project.testcases.OpenAccountTest@5c7bfdc1]" name="setUp" is-config="true" duration-ms="8312" started-at="2020-09-16T13:10:37 CDT" finished-at="2020-09-16T13:10:45 CDT">
          <reporter-output>
          </reporter-output>
        </test-method> <!-- setUp -->
        <test-method status="SKIP" signature="openAccountTest(java.util.Hashtable)[pri:0, instance:com.project.testcases.OpenAccountTest@5c7bfdc1]" name="openAccountTest" duration-ms="0" started-at="2020-09-16T13:11:51 CDT" data-provider="dp" finished-at="2020-09-16T13:11:51 CDT">
          <params>
            <param index="0">
              <value>
                <![CDATA[{currency=Rupee, runmode=N, customer=Harry Potter}]]>
              </value>
            </param>
          </params>
          <exception class="org.testng.SkipException">
            <message>
              <![CDATA[Skipping the test OPENACCOUNTTESTas the Run mode is NO]]>
            </message>
            <full-stacktrace>
              <![CDATA[org.testng.SkipException: Skipping the test OPENACCOUNTTESTas the Run mode is NO
at com.project.testcases.OpenAccountTest.openAccountTest(OpenAccountTest.java:26)
at sun.reflect.NativeMethodAccessorImpl.invoke0(Native Method)
at sun.reflect.NativeMethodAccessorImpl.invoke(NativeMethodAccessorImpl.java:62)
at sun.reflect.DelegatingMethodAccessorImpl.invoke(DelegatingMethodAccessorImpl.java:43)
at java.lang.reflect.Method.invoke(Method.java:498)
at org.testng.internal.MethodInvocationHelper.invokeMethod(MethodInvocationHelper.java:132)
at org.testng.internal.TestInvoker.invokeMethod(TestInvoker.java:599)
at org.testng.internal.TestInvoker.invokeTestMethod(TestInvoker.java:174)
at org.testng.internal.MethodRunner.runInSequence(MethodRunner.java:46)
at org.testng.internal.TestInvoker$MethodInvocationAgent.invoke(TestInvoker.java:822)
at org.testng.internal.TestInvoker.invokeTestMethods(TestInvoker.java:147)
at org.testng.internal.TestMethodWorker.invokeTestMethods(TestMethodWorker.java:146)
at org.testng.internal.TestMethodWorker.run(TestMethodWorker.java:128)
at java.util.ArrayList.forEach(ArrayList.java:1257)
at org.testng.TestRunner.privateRun(TestRunner.java:764)
at org.testng.TestRunner.run(TestRunner.java:585)
at org.testng.SuiteRunner.runTest(SuiteRunner.java:384)
at org.testng.SuiteRunner.runSequentially(SuiteRunner.java:378)
at org.testng.SuiteRunner.privateRun(SuiteRunner.java:337)
at org.testng.SuiteRunner.run(SuiteRunner.java:286)
at org.testng.SuiteRunnerWorker.runSuite(SuiteRunnerWorker.java:53)
at org.testng.SuiteRunnerWorker.run(SuiteRunnerWorker.java:96)
at org.testng.TestNG.runSuitesSequentially(TestNG.java:1218)
at org.testng.TestNG.runSuitesLocally(TestNG.java:1140)
at org.testng.TestNG.runSuites(TestNG.java:1069)
at org.testng.TestNG.run(TestNG.java:1037)
at org.apache.maven.surefire.testng.TestNGExecutor.run(TestNGExecutor.java:284)
at org.apache.maven.surefire.testng.TestNGXmlTestSuite.execute(TestNGXmlTestSuite.java:75)
at org.apache.maven.surefire.testng.TestNGProvider.invoke(TestNGProvider.java:119)
at org.apache.maven.surefire.booter.ForkedBooter.runSuitesInProcess(ForkedBooter.java:428)
at org.apache.maven.surefire.booter.ForkedBooter.execute(ForkedBooter.java:162)
at org.apache.maven.surefire.booter.ForkedBooter.run(ForkedBooter.java:562)
at org.apache.maven.surefire.booter.ForkedBooter.main(ForkedBooter.java:548)
]]>
            </full-stacktrace>
          </exception> <!-- org.testng.SkipException -->
          <reporter-output>
          </reporter-output>
        </test-method> <!-- openAccountTest -->
        <test-method status="PASS" signature="tearDown()[pri:0, instance:com.project.testcases.OpenAccountTest@5c7bfdc1]" name="tearDown" is-config="true" duration-ms="629" started-at="2020-09-16T13:11:51 CDT" finished-at="2020-09-16T13:11:52 CDT">
          <reporter-output>
          </reporter-output>
        </test-method> <!-- tearDown -->
      </class> <!-- com.project.testcases.OpenAccountTest -->
    </test> <!-- Open Account Test -->
  </suite> <!-- Data Driver Basics -->
</testng-results>
