<?xml version="1.0" encoding="UTF-8"?>
<testng-results skipped="0" failed="0" ignored="0" total="2" passed="2">
  <reporter-output>
    <line>
      <![CDATA[Login succesfully]]>
    </line>
    <line>
      <![CDATA[Customer added succesfully]]>
    </line>
  </reporter-output>
  <suite name="Data Driver Basics" duration-ms="19656" started-at="2020-09-14T19:29:45 CDT" finished-at="2020-09-14T19:30:05 CDT">
    <groups>
    </groups>
    <test name="Bank Manager Login Test" duration-ms="3161" started-at="2020-09-14T19:29:45 CDT" finished-at="2020-09-14T19:29:48 CDT">
      <class name="com.project.testcases.BankManagerLoginTest">
        <test-method status="PASS" signature="loginAsBankManager()[pri:0, instance:com.project.testcases.BankManagerLoginTest@49c90a9c]" name="loginAsBankManager" duration-ms="3131" started-at="2020-09-14T19:29:45 CDT" finished-at="2020-09-14T19:29:48 CDT">
          <reporter-output>
            <line>
              <![CDATA[Login succesfully]]>
            </line>
          </reporter-output>
        </test-method> <!-- loginAsBankManager -->
      </class> <!-- com.project.testcases.BankManagerLoginTest -->
    </test> <!-- Bank Manager Login Test -->
    <test name="Add Customer Test" duration-ms="15925" started-at="2020-09-14T19:29:49 CDT" finished-at="2020-09-14T19:30:05 CDT">
      <class name="com.project.testcases.AddCustomerTest">
        <test-method status="PASS" signature="setUp()[pri:0, instance:com.project.testcases.AddCustomerTest@3e2055d6]" name="setUp" is-config="true" duration-ms="22806" started-at="2020-09-14T19:29:22 CDT" finished-at="2020-09-14T19:29:45 CDT">
          <reporter-output>
          </reporter-output>
        </test-method> <!-- setUp -->
        <test-method status="PASS" signature="addCustomerTest(java.lang.String, java.lang.String, java.lang.String, java.lang.String)[pri:0, instance:com.project.testcases.AddCustomerTest@3e2055d6]" name="addCustomerTest" duration-ms="15898" started-at="2020-09-14T19:29:49 CDT" data-provider="getData" finished-at="2020-09-14T19:30:05 CDT">
          <params>
            <param index="0">
              <value>
                <![CDATA[Raghava]]>
              </value>
            </param>
            <param index="1">
              <value>
                <![CDATA[Kaka]]>
              </value>
            </param>
            <param index="2">
              <value>
                <![CDATA[A89833]]>
              </value>
            </param>
            <param index="3">
              <value>
                <![CDATA[Customer added successfully]]>
              </value>
            </param>
          </params>
          <reporter-output>
            <line>
              <![CDATA[Customer added succesfully]]>
            </line>
          </reporter-output>
        </test-method> <!-- addCustomerTest -->
        <test-method status="PASS" signature="tearDown()[pri:0, instance:com.project.testcases.AddCustomerTest@3e2055d6]" name="tearDown" is-config="true" duration-ms="619" started-at="2020-09-14T19:30:05 CDT" finished-at="2020-09-14T19:30:05 CDT">
          <reporter-output>
          </reporter-output>
        </test-method> <!-- tearDown -->
      </class> <!-- com.project.testcases.AddCustomerTest -->
    </test> <!-- Add Customer Test -->
  </suite> <!-- Data Driver Basics -->
</testng-results>
