<?xml version="1.0" encoding="UTF-8"?>
<!-- Generated by org.testng.reporters.JUnitXMLReporter -->
<testsuite hostname="DESKTOP-UL7HF35" ignored="0" name="Add Customer Test" tests="4" failures="0" timestamp="2020-09-16T13:11:51 CDT" time="62.197" errors="0">
  <testcase name="addCustomerTest" time="15.861" classname="com.project.testcases.AddCustomerTest"/>
  <testcase name="addCustomerTest" time="15.435" classname="com.project.testcases.AddCustomerTest"/>
  <testcase name="addCustomerTest" time="15.427" classname="com.project.testcases.AddCustomerTest"/>
  <testcase name="addCustomerTest" time="15.436" classname="com.project.testcases.AddCustomerTest"/>
</testsuite> <!-- Add Customer Test -->
